<?xml version="1.0" encoding="UTF-8"?>
<testsuite name="DifferentLenghtTest" tests="1" skipped="0" failures="0" errors="0" timestamp="2024-06-26T13:25:25" hostname="MARIANNA_ASUS" time="0.035">
  <properties/>
  <testcase name="testEmptyArrays()" classname="DifferentLenghtTest" time="0.035"/>
  <system-out><![CDATA[]]></system-out>
  <system-err><![CDATA[]]></system-err>
</testsuite>
